<?xml version="1.0" encoding="UTF-8"?>
<!-- Generated by org.testng.reporters.JUnitReportReporter -->
<testsuite hostname="THORPC" name="qa.dataprovider.ParametersTest" tests="4" failures="0" timestamp="21 Dec 2013 03:15:36 GMT" time="0.010" errors="0">
  <testcase name="printHorizontal" time="0.001" classname="qa.dataprovider.ParametersTest"/>
  <testcase name="printVertical" time="0.001" classname="qa.dataprovider.ParametersTest"/>
  <testcase name="printHorizontal" time="0.007" classname="qa.dataprovider.ParametersTest"/>
  <testcase name="printVertical" time="0.001" classname="qa.dataprovider.ParametersTest"/>
</testsuite> <!-- qa.dataprovider.ParametersTest -->
