<?xml version="1.0" encoding="UTF-8"?>
<!-- Generated by org.testng.reporters.JUnitReportReporter -->
<testsuite hostname="THORPC" name="qa.dataprovider.ParametersTest" tests="2" failures="0" timestamp="15 Dec 2013 23:17:38 GMT" time="0.011" errors="0">
  <testcase name="printVertical" time="0.001" classname="qa.dataprovider.ParametersTest"/>
  <testcase name="printHorizontal" time="0.010" classname="qa.dataprovider.ParametersTest"/>
</testsuite> <!-- qa.dataprovider.ParametersTest -->
