<?xml version="1.0" encoding="UTF-8"?>
<!-- Generated by org.testng.reporters.JUnitReportReporter -->
<testsuite hostname="THORPC" name="qa.dataprovider.ParametersTest" tests="5" failures="0" timestamp="22 Dec 2013 00:48:24 GMT" time="0.126" errors="0">
  <testcase name="printVertical" time="0.000" classname="qa.dataprovider.ParametersTest"/>
  <testcase name="printVertical" time="0.000" classname="qa.dataprovider.ParametersTest"/>
  <testcase name="printHorizontal" time="0.001" classname="qa.dataprovider.ParametersTest"/>
  <testcase name="createDataTest" time="0.123" classname="qa.dataprovider.ParametersTest"/>
  <testcase name="printHorizontal" time="0.002" classname="qa.dataprovider.ParametersTest"/>
</testsuite> <!-- qa.dataprovider.ParametersTest -->
