<?xml version="1.0" encoding="UTF-8"?>
<!-- Generated by org.testng.reporters.JUnitReportReporter -->
<testsuite hostname="THORPC" name="qa.dataprovider.ParametersTest" tests="3" failures="0" timestamp="21 Dec 2013 05:23:58 GMT" time="0.023" errors="0">
  <testcase name="testSuiteFile" time="0.014" classname="qa.dataprovider.ParametersTest"/>
  <testcase name="printVertical" time="0.000" classname="qa.dataprovider.ParametersTest"/>
  <testcase name="printHorizontal" time="0.009" classname="qa.dataprovider.ParametersTest"/>
</testsuite> <!-- qa.dataprovider.ParametersTest -->
